<?xml version="1.0" encoding="UTF-8"?>
<!-- Generated by org.testng.reporters.JUnitXMLReporter -->
<testsuite hostname="DESKTOP-8GU1FPD" ignored="0" name="Test" tests="6" failures="2" timestamp="14 Jan 2019 05:07:36 GMT" time="18.552" errors="0">
  <testcase name="VerifyAllCustomer" time="6.33" classname="com.sandeep.RESTFW.Testcases.VerifyCreateCustomerAPI">
    <failure type="com.fasterxml.jackson.databind.exc.UnrecognizedPropertyException" message="Unrecognized field &amp;quot;data&amp;quot; (class com.sandeep.RESTFW.POJOClasses.Customer), not marked as ignorable (18 known properties: &amp;quot;discount&amp;quot;, &amp;quot;tax_info&amp;quot;, &amp;quot;invoice_prefix&amp;quot;, &amp;quot;created&amp;quot;, &amp;quot;account_balance&amp;quot;, &amp;quot;shipping&amp;quot;, &amp;quot;livemode&amp;quot;, &amp;quot;currency&amp;quot;, &amp;quot;subscriptions&amp;quot;, &amp;quot;delinquent&amp;quot;, &amp;quot;sources&amp;quot;, &amp;quot;default_source&amp;quot;, &amp;quot;id&amp;quot;, &amp;quot;email&amp;quot;, &amp;quot;object&amp;quot;, &amp;quot;metadata&amp;quot;, &amp;quot;tax_info_verification&amp;quot;, &amp;quot;description&amp;quot;])
 at [Source: {
  &amp;quot;object&amp;quot;: &amp;quot;list&amp;quot;,
  &amp;quot;data&amp;quot;: [
    {
      &amp;quot;id&amp;quot;: &amp;quot;cus_EL2vodhabCA9yD&amp;quot;,
      &amp;quot;object&amp;quot;: &amp;quot;customer&amp;quot;,
      &amp;quot;account_balance&amp;quot;: 100000,
      &amp;quot;created&amp;quot;: 1547439219,
      &amp;quot;currency&amp;quot;: &amp;quot;usd&amp;quot;,
      &amp;quot;default_source&amp;quot;: null,
      &amp;quot;delinquent&amp;quot;: false,
      &amp;quot;description&amp;quot;: &amp;quot;This is to check the run for multiple params from same column&amp;quot;,
      &amp;quot;discount&amp;quot;: null,
      &amp;quot;email&amp;quot;: &amp;quot;new1@gmail.com&amp;quot;,
      &amp;quot;invoice_prefix&amp;quot;: &amp;quot;6AC5109&amp;quot;,
      &amp;quot;livemode&amp;quot;: false,
      &amp;quot;metadata&amp;quot;: {
      },
      &amp;quot;shipping&amp;quot;: null,
      &amp;quot;sources&amp;quot;: {
        &amp;quot;object&amp;quot;: &amp;quot;list&amp;quot;,
        &amp;quot;data&amp;quot;: [

        ],
        &amp;quot;has_more&amp;quot;: false,
        &amp;quot;total_count&amp;quot;: 0,
        &amp;quot;url&amp;quot;: &amp;quot;/v1/customers/cus_EL2vodhabCA9yD/sources&amp;quot;
      },
      &amp;quot;subscriptions&amp;quot;: {
        &amp;quot;object&amp;quot;: &amp;quot;list&amp;quot;,
        &amp;quot;data&amp;quot;: [

        ],
        &amp;quot;has_more&amp;quot;: false,
        &amp;quot;total_count&amp;quot;: 0,
        &amp;quot;url&amp;quot;: &amp;quot;/v1/customers/cus_EL2vodhabCA9yD/subscriptions&amp;quot;
      },
      &amp;quot;tax_info&amp;quot;: null,
      &amp;quot;tax_info_verification&amp;quot;: null
    },
    {
      &amp;quot;id&amp;quot;: &amp;quot;cus_EL2tpmnxtj1mkD&amp;quot;,
      &amp;quot;object&amp;quot;: &amp;quot;customer&amp;quot;,
      &amp;quot;account_balance&amp;quot;: 100000,
      &amp;quot;created&amp;quot;: 1547439086,
      &amp;quot;currency&amp;quot;: &amp;quot;usd&amp;quot;,
      &amp;quot;default_source&amp;quot;: null,
      &amp;quot;delinquent&amp;quot;: false,
      &amp;quot;description&amp;quot;: &amp;quot;This is to check the run for multiple params from same column&amp;quot;,
      &amp;quot;discount&amp;quot;: null,
      &amp;quot;email&amp;quot;: &amp;quot;new1@gmail.com&amp;quot;,
      &amp;quot;invoice_prefix&amp;quot;: &amp;quot;825647C&amp;quot;,
      &amp;quot;livemode&amp;quot;: false,
      &amp;quot;metadata&amp;quot;: {
      },
      &amp;quot;shipping&amp;quot;: null,
      &amp;quot;sources&amp;quot;: {
        &amp;quot;object&amp;quot;: &amp;quot;list&amp;quot;,
        &amp;quot;data&amp;quot;: [

        ],
        &amp;quot;has_more&amp;quot;: false,
        &amp;quot;total_count&amp;quot;: 0,
        &amp;quot;url&amp;quot;: &amp;quot;/v1/customers/cus_EL2tpmnxtj1mkD/sources&amp;quot;
      },
      &amp;quot;subscriptions&amp;quot;: {
        &amp;quot;object&amp;quot;: &amp;quot;list&amp;quot;,
        &amp;quot;data&amp;quot;: [

        ],
        &amp;quot;has_more&amp;quot;: false,
        &amp;quot;total_count&amp;quot;: 0,
        &amp;quot;url&amp;quot;: &amp;quot;/v1/customers/cus_EL2tpmnxtj1mkD/subscriptions&amp;quot;
      },
      &amp;quot;tax_info&amp;quot;: null,
      &amp;quot;tax_info_verification&amp;quot;: null
    },
    {
      &amp;quot;id&amp;quot;: &amp;quot;cus_EL2psNbMo4Raa4&amp;quot;,
      &amp;quot;object&amp;quot;: &amp;quot;customer&amp;quot;,
      &amp;quot;account_balance&amp;quot;: 100000,
      &amp;quot;created&amp;quot;: 1547438843,
      &amp;quot;currency&amp;quot;: &amp;quot;usd&amp;quot;,
      &amp;quot;default_source&amp;quot;: null,
      &amp;quot;delinquent&amp;quot;: false,
      &amp;quot;description&amp;quot;: &amp;quot;This is to check the run for multiple params from same column&amp;quot;,
      &amp;quot;discount&amp;quot;: null,
      &amp;quot;email&amp;quot;: &amp;quot;new1@gmail.com&amp;quot;,
      &amp;quot;invoice_prefix&amp;quot;: &amp;quot;E0BDDD8&amp;quot;,
      &amp;quot;livemode&amp;quot;: false,
      &amp;quot;metadata&amp;quot;: {
      },
      &amp;quot;shipping&amp;quot;: null,
      &amp;quot;sources&amp;quot;: {
        &amp;quot;object&amp;quot;: &amp;quot;list&amp;quot;,
        &amp;quot;data&amp;quot;: [

        ],
        &amp;quot;has_more&amp;quot;: false,
        &amp;quot;total_count&amp;quot;: 0,
        &amp;quot;url&amp;quot;: &amp;quot;/v1/customers/cus_EL2psNbMo4Raa4/sources&amp;quot;
      },
      &amp;quot;subscriptions&amp;quot;: {
        &amp;quot;object&amp;quot;: &amp;quot;list&amp;quot;,
        &amp;quot;data&amp;quot;: [

        ],
        &amp;quot;has_more&amp;quot;: false,
        &amp;quot;total_count&amp;quot;: 0,
        &amp;quot;url&amp;quot;: &amp;quot;/v1/customers/cus_EL2psNbMo4Raa4/subscriptions&amp;quot;
      },
      &amp;quot;tax_info&amp;quot;: null,
      &amp;quot;tax_info_verification&amp;quot;: null
    }
  ],
  &amp;quot;has_more&amp;quot;: true,
  &amp;quot;url&amp;quot;: &amp;quot;/v1/customers&amp;quot;
}
; line: 3, column: 12] (through reference chain: com.sandeep.RESTFW.POJOClasses.Customer[&amp;quot;data&amp;quot;])">
      <![CDATA[com.fasterxml.jackson.databind.exc.UnrecognizedPropertyException: Unrecognized field "data" (class com.sandeep.RESTFW.POJOClasses.Customer), not marked as ignorable (18 known properties: "discount", "tax_info", "invoice_prefix", "created", "account_balance", "shipping", "livemode", "currency", "subscriptions", "delinquent", "sources", "default_source", "id", "email", "object", "metadata", "tax_info_verification", "description"])
 at [Source: {
  "object": "list",
  "data": [
    {
      "id": "cus_EL2vodhabCA9yD",
      "object": "customer",
      "account_balance": 100000,
      "created": 1547439219,
      "currency": "usd",
      "default_source": null,
      "delinquent": false,
      "description": "This is to check the run for multiple params from same column",
      "discount": null,
      "email": "new1@gmail.com",
      "invoice_prefix": "6AC5109",
      "livemode": false,
      "metadata": {
      },
      "shipping": null,
      "sources": {
        "object": "list",
        "data": [

        ],
        "has_more": false,
        "total_count": 0,
        "url": "/v1/customers/cus_EL2vodhabCA9yD/sources"
      },
      "subscriptions": {
        "object": "list",
        "data": [

        ],
        "has_more": false,
        "total_count": 0,
        "url": "/v1/customers/cus_EL2vodhabCA9yD/subscriptions"
      },
      "tax_info": null,
      "tax_info_verification": null
    },
    {
      "id": "cus_EL2tpmnxtj1mkD",
      "object": "customer",
      "account_balance": 100000,
      "created": 1547439086,
      "currency": "usd",
      "default_source": null,
      "delinquent": false,
      "description": "This is to check the run for multiple params from same column",
      "discount": null,
      "email": "new1@gmail.com",
      "invoice_prefix": "825647C",
      "livemode": false,
      "metadata": {
      },
      "shipping": null,
      "sources": {
        "object": "list",
        "data": [

        ],
        "has_more": false,
        "total_count": 0,
        "url": "/v1/customers/cus_EL2tpmnxtj1mkD/sources"
      },
      "subscriptions": {
        "object": "list",
        "data": [

        ],
        "has_more": false,
        "total_count": 0,
        "url": "/v1/customers/cus_EL2tpmnxtj1mkD/subscriptions"
      },
      "tax_info": null,
      "tax_info_verification": null
    },
    {
      "id": "cus_EL2psNbMo4Raa4",
      "object": "customer",
      "account_balance": 100000,
      "created": 1547438843,
      "currency": "usd",
      "default_source": null,
      "delinquent": false,
      "description": "This is to check the run for multiple params from same column",
      "discount": null,
      "email": "new1@gmail.com",
      "invoice_prefix": "E0BDDD8",
      "livemode": false,
      "metadata": {
      },
      "shipping": null,
      "sources": {
        "object": "list",
        "data": [

        ],
        "has_more": false,
        "total_count": 0,
        "url": "/v1/customers/cus_EL2psNbMo4Raa4/sources"
      },
      "subscriptions": {
        "object": "list",
        "data": [

        ],
        "has_more": false,
        "total_count": 0,
        "url": "/v1/customers/cus_EL2psNbMo4Raa4/subscriptions"
      },
      "tax_info": null,
      "tax_info_verification": null
    }
  ],
  "has_more": true,
  "url": "/v1/customers"
}
; line: 3, column: 12] (through reference chain: com.sandeep.RESTFW.POJOClasses.Customer["data"])
	at com.fasterxml.jackson.databind.exc.UnrecognizedPropertyException.from(UnrecognizedPropertyException.java:62)
	at com.fasterxml.jackson.databind.DeserializationContext.handleUnknownProperty(DeserializationContext.java:834)
	at com.fasterxml.jackson.databind.deser.std.StdDeserializer.handleUnknownProperty(StdDeserializer.java:1093)
	at com.fasterxml.jackson.databind.deser.BeanDeserializerBase.handleUnknownProperty(BeanDeserializerBase.java:1477)
	at com.fasterxml.jackson.databind.deser.BeanDeserializerBase.handleUnknownVanilla(BeanDeserializerBase.java:1455)
	at com.fasterxml.jackson.databind.deser.BeanDeserializer.vanillaDeserialize(BeanDeserializer.java:282)
	at com.fasterxml.jackson.databind.deser.BeanDeserializer.deserialize(BeanDeserializer.java:140)
	at com.fasterxml.jackson.databind.ObjectMapper._readMapAndClose(ObjectMapper.java:3798)
	at com.fasterxml.jackson.databind.ObjectMapper.readValue(ObjectMapper.java:2842)
	at com.sandeep.RESTFW.Testcases.VerifyCreateCustomerAPI.VerifyAllCustomer(VerifyCreateCustomerAPI.java:109)
... Removed 25 stack frames]]>
    </failure>
  </testcase> <!-- VerifyAllCustomer -->
  <testcase name="VerifyDeleteCustomer" time="2.663" classname="com.sandeep.RESTFW.Testcases.VerifyCreateCustomerAPI"/>
  <testcase name="VerifyRetrieveCustomer" time="1.847" classname="com.sandeep.RESTFW.Testcases.VerifyCreateCustomerAPI"/>
  <testcase name="VerifyUpdateCustomer" time="2.028" classname="com.sandeep.RESTFW.Testcases.VerifyCreateCustomerAPI">
    <failure type="com.fasterxml.jackson.databind.exc.UnrecognizedPropertyException" message="Unrecognized field &amp;quot;error&amp;quot; (class com.sandeep.RESTFW.POJOClasses.Customer), not marked as ignorable (18 known properties: &amp;quot;discount&amp;quot;, &amp;quot;tax_info&amp;quot;, &amp;quot;invoice_prefix&amp;quot;, &amp;quot;created&amp;quot;, &amp;quot;account_balance&amp;quot;, &amp;quot;shipping&amp;quot;, &amp;quot;livemode&amp;quot;, &amp;quot;currency&amp;quot;, &amp;quot;subscriptions&amp;quot;, &amp;quot;delinquent&amp;quot;, &amp;quot;sources&amp;quot;, &amp;quot;default_source&amp;quot;, &amp;quot;id&amp;quot;, &amp;quot;email&amp;quot;, &amp;quot;object&amp;quot;, &amp;quot;metadata&amp;quot;, &amp;quot;tax_info_verification&amp;quot;, &amp;quot;description&amp;quot;])
 at [Source: {
  &amp;quot;error&amp;quot;: {
    &amp;quot;code&amp;quot;: &amp;quot;parameter_unknown&amp;quot;,
    &amp;quot;doc_url&amp;quot;: &amp;quot;https://stripe.com/docs/error-codes/parameter-unknown&amp;quot;,
    &amp;quot;message&amp;quot;: &amp;quot;Received unknown parameter: Customer for nisha@example.com&amp;quot;,
    &amp;quot;param&amp;quot;: &amp;quot;Customer for nisha@example.com&amp;quot;,
    &amp;quot;type&amp;quot;: &amp;quot;invalid_request_error&amp;quot;
  }
}
; line: 2, column: 13] (through reference chain: com.sandeep.RESTFW.POJOClasses.Customer[&amp;quot;error&amp;quot;])">
      <![CDATA[com.fasterxml.jackson.databind.exc.UnrecognizedPropertyException: Unrecognized field "error" (class com.sandeep.RESTFW.POJOClasses.Customer), not marked as ignorable (18 known properties: "discount", "tax_info", "invoice_prefix", "created", "account_balance", "shipping", "livemode", "currency", "subscriptions", "delinquent", "sources", "default_source", "id", "email", "object", "metadata", "tax_info_verification", "description"])
 at [Source: {
  "error": {
    "code": "parameter_unknown",
    "doc_url": "https://stripe.com/docs/error-codes/parameter-unknown",
    "message": "Received unknown parameter: Customer for nisha@example.com",
    "param": "Customer for nisha@example.com",
    "type": "invalid_request_error"
  }
}
; line: 2, column: 13] (through reference chain: com.sandeep.RESTFW.POJOClasses.Customer["error"])
	at com.fasterxml.jackson.databind.exc.UnrecognizedPropertyException.from(UnrecognizedPropertyException.java:62)
	at com.fasterxml.jackson.databind.DeserializationContext.handleUnknownProperty(DeserializationContext.java:834)
	at com.fasterxml.jackson.databind.deser.std.StdDeserializer.handleUnknownProperty(StdDeserializer.java:1093)
	at com.fasterxml.jackson.databind.deser.BeanDeserializerBase.handleUnknownProperty(BeanDeserializerBase.java:1477)
	at com.fasterxml.jackson.databind.deser.BeanDeserializerBase.handleUnknownVanilla(BeanDeserializerBase.java:1455)
	at com.fasterxml.jackson.databind.deser.BeanDeserializer.vanillaDeserialize(BeanDeserializer.java:282)
	at com.fasterxml.jackson.databind.deser.BeanDeserializer.deserialize(BeanDeserializer.java:140)
	at com.fasterxml.jackson.databind.ObjectMapper._readMapAndClose(ObjectMapper.java:3798)
	at com.fasterxml.jackson.databind.ObjectMapper.readValue(ObjectMapper.java:2842)
	at com.sandeep.RESTFW.Testcases.VerifyCreateCustomerAPI.VerifyUpdateCustomer(VerifyCreateCustomerAPI.java:83)
... Removed 25 stack frames]]>
    </failure>
  </testcase> <!-- VerifyUpdateCustomer -->
  <testcase name="VerifyUpdateCustomer1" time="2.086" classname="com.sandeep.RESTFW.Testcases.VerifyCreateCustomerAPI"/>
  <testcase name="verifyCreateCustomer" time="1.983" classname="com.sandeep.RESTFW.Testcases.VerifyCreateCustomerAPI"/>
</testsuite> <!-- Test -->
