<?xml version="1.0" encoding="UTF-8"?>
<!-- Generated by org.testng.reporters.JUnitXMLReporter -->
<testsuite hostname="DESKTOP-8GU1FPD" ignored="11" name="Test" tests="4" failures="0" timestamp="13 Feb 2019 16:08:41 GMT" time="10.239" errors="0">
  <testcase name="JsonBodyasJson" time="2.453" classname="com.sandeep.RESTFW.Testcases.VerifyCreateCustomerAPI"/>
  <testcase name="bodyexample" time="1.393" classname="com.sandeep.RESTFW.Testcases.VerifyCreateCustomerAPI"/>
  <testcase name="verifyRetrieveCharge" time="3.137" classname="com.sandeep.RESTFW.Testcases.VerifyChargeAPI"/>
  <testcase name="verifyRetrieveAllCharge" time="2.378" classname="com.sandeep.RESTFW.Testcases.VerifyChargeAPI"/>
  <testcase name="verifyCreateCustomer" time="0.0" classname="com.sandeep.RESTFW.Testcases.VerifyCreateCustomerAPI">
    <ignored/>
  </testcase> <!-- verifyCreateCustomer -->
  <testcase name="VerifyAllCustomer" time="0.0" classname="com.sandeep.RESTFW.Testcases.VerifyCreateCustomerAPI">
    <ignored/>
  </testcase> <!-- VerifyAllCustomer -->
  <testcase name="@AfterTest afterTest" time="0.0" classname="com.sandeep.RESTFW.Setup.TestSetup">
    <ignored/>
  </testcase> <!-- @AfterTest afterTest -->
  <testcase name="@AfterSuite tearDown" time="0.0" classname="com.sandeep.RESTFW.Setup.TestSetup">
    <ignored/>
  </testcase> <!-- @AfterSuite tearDown -->
  <testcase name="@BeforeSuite setUp" time="0.0" classname="com.sandeep.RESTFW.Setup.TestSetup">
    <ignored/>
  </testcase> <!-- @BeforeSuite setUp -->
  <testcase name="@BeforeTest beforeTest" time="0.0" classname="com.sandeep.RESTFW.Setup.TestSetup">
    <ignored/>
  </testcase> <!-- @BeforeTest beforeTest -->
  <testcase name="VerifyUpdateCustomer1" time="0.0" classname="com.sandeep.RESTFW.Testcases.VerifyCreateCustomerAPI">
    <ignored/>
  </testcase> <!-- VerifyUpdateCustomer1 -->
  <testcase name="verifyCreateCharge" time="0.0" classname="com.sandeep.RESTFW.Testcases.VerifyChargeAPI">
    <ignored/>
  </testcase> <!-- verifyCreateCharge -->
  <testcase name="VerifyUpdateCustomer" time="0.0" classname="com.sandeep.RESTFW.Testcases.VerifyCreateCustomerAPI">
    <ignored/>
  </testcase> <!-- VerifyUpdateCustomer -->
  <testcase name="VerifyDeleteCustomer" time="0.0" classname="com.sandeep.RESTFW.Testcases.VerifyCreateCustomerAPI">
    <ignored/>
  </testcase> <!-- VerifyDeleteCustomer -->
  <testcase name="VerifyRetrieveCustomer" time="0.0" classname="com.sandeep.RESTFW.Testcases.VerifyCreateCustomerAPI">
    <ignored/>
  </testcase> <!-- VerifyRetrieveCustomer -->
</testsuite> <!-- Test -->
