<?xml version="1.0" encoding="UTF-8"?>
<testng-results skipped="0" failed="0" ignored="11" total="15" passed="4">
  <reporter-output>
  </reporter-output>
  <suite name="Suite" duration-ms="10239" started-at="2019-02-13T16:08:31Z" finished-at="2019-02-13T16:08:41Z">
    <groups>
    </groups>
    <test name="Test" duration-ms="10239" started-at="2019-02-13T16:08:31Z" finished-at="2019-02-13T16:08:41Z">
      <class name="com.sandeep.RESTFW.Testcases.VerifyChargeAPI">
        <test-method status="PASS" signature="beforeClass()[pri:0, instance:com.sandeep.RESTFW.Testcases.VerifyChargeAPI@6c64cb25]" name="beforeClass" is-config="true" duration-ms="0" started-at="2019-02-13T21:38:36Z" finished-at="2019-02-13T21:38:36Z">
          <reporter-output>
          </reporter-output>
        </test-method> <!-- beforeClass -->
        <test-method status="PASS" signature="beforeMethod(java.lang.reflect.Method)[pri:0, instance:com.sandeep.RESTFW.Testcases.VerifyChargeAPI@6c64cb25]" name="beforeMethod" is-config="true" duration-ms="16" started-at="2019-02-13T21:38:36Z" finished-at="2019-02-13T21:38:36Z">
          <params>
            <param index="0">
              <value>
                <![CDATA[public void com.sandeep.RESTFW.Testcases.VerifyChargeAPI.verifyRetrieveCharge(java.util.Hashtable) throws com.fasterxml.jackson.core.JsonParseException,com.fasterxml.jackson.databind.JsonMappingException,java.io.IOException]]>
              </value>
            </param>
          </params>
          <reporter-output>
          </reporter-output>
        </test-method> <!-- beforeMethod -->
        <test-method status="PASS" signature="verifyRetrieveCharge(java.util.Hashtable)[pri:1, instance:com.sandeep.RESTFW.Testcases.VerifyChargeAPI@6c64cb25]" name="verifyRetrieveCharge" duration-ms="3137" started-at="2019-02-13T21:38:36Z" data-provider="dp" finished-at="2019-02-13T21:38:39Z">
          <params>
            <param index="0">
              <value>
                <![CDATA[{endpoint=charges/ch_1DwmfkJ06AnIpd2yPPLsRCv9}]]>
              </value>
            </param>
          </params>
          <reporter-output>
          </reporter-output>
        </test-method> <!-- verifyRetrieveCharge -->
        <test-method status="PASS" signature="afterMethod(org.testng.ITestResult)[pri:0, instance:com.sandeep.RESTFW.Testcases.VerifyChargeAPI@6c64cb25]" name="afterMethod" is-config="true" duration-ms="0" started-at="2019-02-13T21:38:39Z" finished-at="2019-02-13T21:38:39Z">
          <params>
            <param index="0">
              <value>
                <![CDATA[[TestResult name=verifyRetrieveCharge status=SUCCESS method=VerifyChargeAPI.verifyRetrieveCharge(java.util.Hashtable)[pri:1, instance:com.sandeep.RESTFW.Testcases.VerifyChargeAPI@6c64cb25] output={null}]]]>
              </value>
            </param>
          </params>
          <reporter-output>
          </reporter-output>
        </test-method> <!-- afterMethod -->
        <test-method status="PASS" signature="beforeMethod(java.lang.reflect.Method)[pri:0, instance:com.sandeep.RESTFW.Testcases.VerifyChargeAPI@6c64cb25]" name="beforeMethod" is-config="true" duration-ms="16" started-at="2019-02-13T21:38:39Z" finished-at="2019-02-13T21:38:39Z">
          <params>
            <param index="0">
              <value>
                <![CDATA[public void com.sandeep.RESTFW.Testcases.VerifyChargeAPI.verifyRetrieveAllCharge(java.util.Hashtable) throws com.fasterxml.jackson.core.JsonParseException,com.fasterxml.jackson.databind.JsonMappingException,java.io.IOException]]>
              </value>
            </param>
          </params>
          <reporter-output>
          </reporter-output>
        </test-method> <!-- beforeMethod -->
        <test-method status="PASS" signature="verifyRetrieveAllCharge(java.util.Hashtable)[pri:2, instance:com.sandeep.RESTFW.Testcases.VerifyChargeAPI@6c64cb25]" name="verifyRetrieveAllCharge" duration-ms="2378" started-at="2019-02-13T21:38:39Z" data-provider="dp" finished-at="2019-02-13T21:38:41Z">
          <params>
            <param index="0">
              <value>
                <![CDATA[{limit=3, endpoint=charges}]]>
              </value>
            </param>
          </params>
          <reporter-output>
          </reporter-output>
        </test-method> <!-- verifyRetrieveAllCharge -->
        <test-method status="PASS" signature="afterMethod(org.testng.ITestResult)[pri:0, instance:com.sandeep.RESTFW.Testcases.VerifyChargeAPI@6c64cb25]" name="afterMethod" is-config="true" duration-ms="0" started-at="2019-02-13T21:38:41Z" finished-at="2019-02-13T21:38:41Z">
          <params>
            <param index="0">
              <value>
                <![CDATA[[TestResult name=verifyRetrieveAllCharge status=SUCCESS method=VerifyChargeAPI.verifyRetrieveAllCharge(java.util.Hashtable)[pri:2, instance:com.sandeep.RESTFW.Testcases.VerifyChargeAPI@6c64cb25] output={null}]]]>
              </value>
            </param>
          </params>
          <reporter-output>
          </reporter-output>
        </test-method> <!-- afterMethod -->
        <test-method status="PASS" signature="afterClass()[pri:0, instance:com.sandeep.RESTFW.Testcases.VerifyChargeAPI@6c64cb25]" name="afterClass" is-config="true" duration-ms="0" started-at="2019-02-13T21:38:41Z" finished-at="2019-02-13T21:38:41Z">
          <reporter-output>
          </reporter-output>
        </test-method> <!-- afterClass -->
      </class> <!-- com.sandeep.RESTFW.Testcases.VerifyChargeAPI -->
      <class name="com.sandeep.RESTFW.Testcases.VerifyCreateCustomerAPI">
        <test-method status="PASS" signature="setUp()[pri:0, instance:com.sandeep.RESTFW.Testcases.VerifyCreateCustomerAPI@245b4bdc]" name="setUp" is-config="true" duration-ms="531" started-at="2019-02-13T21:38:31Z" finished-at="2019-02-13T21:38:31Z">
          <reporter-output>
          </reporter-output>
        </test-method> <!-- setUp -->
        <test-method status="PASS" signature="beforeTest()[pri:0, instance:com.sandeep.RESTFW.Testcases.VerifyCreateCustomerAPI@245b4bdc]" name="beforeTest" is-config="true" duration-ms="0" started-at="2019-02-13T21:38:31Z" finished-at="2019-02-13T21:38:31Z">
          <reporter-output>
          </reporter-output>
        </test-method> <!-- beforeTest -->
        <test-method status="PASS" signature="beforeClass()[pri:0, instance:com.sandeep.RESTFW.Testcases.VerifyCreateCustomerAPI@245b4bdc]" name="beforeClass" is-config="true" duration-ms="0" started-at="2019-02-13T21:38:31Z" finished-at="2019-02-13T21:38:31Z">
          <reporter-output>
          </reporter-output>
        </test-method> <!-- beforeClass -->
        <test-method status="PASS" signature="beforeMethod(java.lang.reflect.Method)[pri:0, instance:com.sandeep.RESTFW.Testcases.VerifyCreateCustomerAPI@245b4bdc]" name="beforeMethod" is-config="true" duration-ms="260" started-at="2019-02-13T21:38:31Z" finished-at="2019-02-13T21:38:31Z">
          <params>
            <param index="0">
              <value>
                <![CDATA[public void com.sandeep.RESTFW.Testcases.VerifyCreateCustomerAPI.JsonBodyasJson()]]>
              </value>
            </param>
          </params>
          <reporter-output>
          </reporter-output>
        </test-method> <!-- beforeMethod -->
        <test-method status="PASS" signature="JsonBodyasJson()[pri:0, instance:com.sandeep.RESTFW.Testcases.VerifyCreateCustomerAPI@245b4bdc]" name="JsonBodyasJson" duration-ms="2453" started-at="2019-02-13T21:38:31Z" finished-at="2019-02-13T21:38:34Z">
          <reporter-output>
          </reporter-output>
        </test-method> <!-- JsonBodyasJson -->
        <test-method status="PASS" signature="afterMethod(org.testng.ITestResult)[pri:0, instance:com.sandeep.RESTFW.Testcases.VerifyCreateCustomerAPI@245b4bdc]" name="afterMethod" is-config="true" duration-ms="0" started-at="2019-02-13T21:38:34Z" finished-at="2019-02-13T21:38:34Z">
          <params>
            <param index="0">
              <value>
                <![CDATA[[TestResult name=JsonBodyasJson status=SUCCESS method=VerifyCreateCustomerAPI.JsonBodyasJson()[pri:0, instance:com.sandeep.RESTFW.Testcases.VerifyCreateCustomerAPI@245b4bdc] output={null}]]]>
              </value>
            </param>
          </params>
          <reporter-output>
          </reporter-output>
        </test-method> <!-- afterMethod -->
        <test-method status="PASS" signature="beforeMethod(java.lang.reflect.Method)[pri:0, instance:com.sandeep.RESTFW.Testcases.VerifyCreateCustomerAPI@245b4bdc]" name="beforeMethod" is-config="true" duration-ms="0" started-at="2019-02-13T21:38:34Z" finished-at="2019-02-13T21:38:34Z">
          <params>
            <param index="0">
              <value>
                <![CDATA[public void com.sandeep.RESTFW.Testcases.VerifyCreateCustomerAPI.bodyexample()]]>
              </value>
            </param>
          </params>
          <reporter-output>
          </reporter-output>
        </test-method> <!-- beforeMethod -->
        <test-method status="PASS" signature="bodyexample()[pri:0, instance:com.sandeep.RESTFW.Testcases.VerifyCreateCustomerAPI@245b4bdc]" name="bodyexample" duration-ms="1393" started-at="2019-02-13T21:38:34Z" finished-at="2019-02-13T21:38:35Z">
          <reporter-output>
          </reporter-output>
        </test-method> <!-- bodyexample -->
        <test-method status="PASS" signature="afterMethod(org.testng.ITestResult)[pri:0, instance:com.sandeep.RESTFW.Testcases.VerifyCreateCustomerAPI@245b4bdc]" name="afterMethod" is-config="true" duration-ms="0" started-at="2019-02-13T21:38:36Z" finished-at="2019-02-13T21:38:36Z">
          <params>
            <param index="0">
              <value>
                <![CDATA[[TestResult name=bodyexample status=SUCCESS method=VerifyCreateCustomerAPI.bodyexample()[pri:0, instance:com.sandeep.RESTFW.Testcases.VerifyCreateCustomerAPI@245b4bdc] output={null}]]]>
              </value>
            </param>
          </params>
          <reporter-output>
          </reporter-output>
        </test-method> <!-- afterMethod -->
        <test-method status="PASS" signature="afterClass()[pri:0, instance:com.sandeep.RESTFW.Testcases.VerifyCreateCustomerAPI@245b4bdc]" name="afterClass" is-config="true" duration-ms="0" started-at="2019-02-13T21:38:36Z" finished-at="2019-02-13T21:38:36Z">
          <reporter-output>
          </reporter-output>
        </test-method> <!-- afterClass -->
        <test-method status="PASS" signature="afterTest()[pri:0, instance:com.sandeep.RESTFW.Testcases.VerifyCreateCustomerAPI@245b4bdc]" name="afterTest" is-config="true" duration-ms="0" started-at="2019-02-13T21:38:41Z" finished-at="2019-02-13T21:38:41Z">
          <reporter-output>
          </reporter-output>
        </test-method> <!-- afterTest -->
        <test-method status="PASS" signature="tearDown()[pri:0, instance:com.sandeep.RESTFW.Testcases.VerifyCreateCustomerAPI@245b4bdc]" name="tearDown" is-config="true" duration-ms="0" started-at="2019-02-13T21:38:41Z" finished-at="2019-02-13T21:38:41Z">
          <reporter-output>
          </reporter-output>
        </test-method> <!-- tearDown -->
      </class> <!-- com.sandeep.RESTFW.Testcases.VerifyCreateCustomerAPI -->
    </test> <!-- Test -->
  </suite> <!-- Suite -->
</testng-results>
